<?xml version="1.0" encoding="utf-8"?><testsuites name="pytest tests"><testsuite name="pytest" errors="0" failures="0" skipped="0" tests="20" time="82.445" timestamp="2026-02-12T22:50:43.135443+00:00" hostname="agent-env-9953cae7-e36e-448a-95ce-0446d8a4f30a"><testcase classname="backend.tests.test_api.TestHealthCheck" name="test_api_root" time="0.112" /><testcase classname="backend.tests.test_api.TestHealthCheck" name="test_health_endpoint" time="0.009" /><testcase classname="backend.tests.test_api.TestAuthentication" name="test_register_new_user" time="0.277" /><testcase classname="backend.tests.test_api.TestAuthentication" name="test_register_duplicate_email" time="0.238" /><testcase classname="backend.tests.test_api.TestAuthentication" name="test_login_valid_credentials" time="0.232" /><testcase classname="backend.tests.test_api.TestAuthentication" name="test_login_invalid_credentials" time="0.009" /><testcase classname="backend.tests.test_api.TestAuthentication" name="test_get_current_user" time="0.010" /><testcase classname="backend.tests.test_api.TestAuthentication" name="test_unauthorized_access" time="0.073" /><testcase classname="backend.tests.test_api.TestDashboard" name="test_get_dashboard_stats" time="0.048" /><testcase classname="backend.tests.test_api.TestAnalysis" name="test_create_analysis" time="0.051" /><testcase classname="backend.tests.test_api.TestAnalysis" name="test_create_analysis_empty_url" time="42.081" /><testcase classname="backend.tests.test_api.TestAnalysis" name="test_create_analysis_too_many_competitors" time="0.007" /><testcase classname="backend.tests.test_api.TestAnalysis" name="test_get_analyses_list" time="0.051" /><testcase classname="backend.tests.test_api.TestAnalysis" name="test_get_specific_analysis" time="0.007" /><testcase classname="backend.tests.test_api.TestAnalysis" name="test_get_nonexistent_analysis" time="0.007" /><testcase classname="backend.tests.test_api.TestCompetitorDetection" name="test_detect_competitors_valid_url" time="19.313" /><testcase classname="backend.tests.test_api.TestCompetitorDetection" name="test_detect_competitors_without_industry_hint" time="19.599" /><testcase classname="backend.tests.test_api.TestCompetitorDetection" name="test_detect_competitors_empty_url" time="0.009" /><testcase classname="backend.tests.test_api.TestCompetitorDetection" name="test_detect_competitors_unauthorized" time="0.087" /><testcase classname="backend.tests.test_api.TestReportDownload" name="test_download_report_not_completed" time="0.155" /></testsuite></testsuites>